<?xml version="1.0" encoding="UTF-8"?>
<!-- Generated by org.testng.reporters.JUnitXMLReporter -->
<testsuite ignored="0" hostname="DESKTOP-MA28TNJ" failures="1" tests="2" name="Test" time="29.61" errors="0" timestamp="2022-11-03T16:33:14 IST">
  <testcase classname="TestCases.TryForFreeLogin" name="SignUp" time="19.95"/>
  <testcase classname="TestCases.VerifyLogin" name="login" time="2.247">
    <failure type="java.lang.AssertionError" message="The following asserts failed:
	expected [Please check your password. If you still can&amp;apos;t log in, contact your Salesforce administrator.] but found [Please check your username and password. If you still can&amp;apos;t log in, contact your Salesforce administrator.]">
      <![CDATA[java.lang.AssertionError: The following asserts failed:
expected [Please check your password. If you still can't log in, contact your Salesforce administrator.] but found [Please check your username and password. If you still can't log in, contact your Salesforce administrator.]
at ResourcesDemo.CommonUtilities.HandleAssertion(CommonUtilities.java:28)
at TestCases.VerifyLogin.login(VerifyLogin.java:25)
at java.base/java.util.ArrayList.forEach(ArrayList.java:1511)
... Removed 29 stack frames]]>
    </failure>
  </testcase> <!-- login -->
</testsuite> <!-- Test -->
